2014/05/08 16:59:50 [error] [system.db.CDbCommand] Error in preparing SQL: CREATE TABLE 'tbl_user' (
	"id" INTEGER NOT NULL PRIMARY KEY AUTO_INCREMENT,
	"username" VARCHAR(128) NOT NULL,
	"password" VARCHAR(128) NOT NULL,
	"email" VARCHAR(128) NOT NULL
)
2014/05/08 16:59:50 [error] [system.db.CDbCommand] CDbCommand::execute() failed: CDbCommand failed to prepare the SQL statement: SQLSTATE[HY000]: General error: 1 table 'tbl_user' already exists. The SQL statement executed was: CREATE TABLE 'tbl_user' (
	"id" INTEGER NOT NULL PRIMARY KEY AUTO_INCREMENT,
	"username" VARCHAR(128) NOT NULL,
	"password" VARCHAR(128) NOT NULL,
	"email" VARCHAR(128) NOT NULL
).
2014/05/08 16:59:50 [error] [exception.CDbException] exception 'CDbException' with message 'CDbCommand failed to execute the SQL statement: CDbCommand failed to prepare the SQL statement: SQLSTATE[HY000]: General error: 1 table 'tbl_user' already exists. The SQL statement executed was: CREATE TABLE 'tbl_user' (
	"id" INTEGER NOT NULL PRIMARY KEY AUTO_INCREMENT,
	"username" VARCHAR(128) NOT NULL,
	"password" VARCHAR(128) NOT NULL,
	"email" VARCHAR(128) NOT NULL
)' in C:\xampp\htdocs\ostin\framework\db\CDbCommand.php:358
Stack trace:
#0 C:\xampp\htdocs\ostin\framework\db\CDbCommand.php(1324): CDbCommand->execute()
#1 C:\xampp\htdocs\ostin\framework\db\CDbMigration.php(233): CDbCommand->createTable('tbl_user', Array, NULL)
#2 C:\xampp\htdocs\ostin\www\protected\migrations\m140508_144122_create_user_table.php(12): CDbMigration->createTable('tbl_user', Array)
#3 C:\xampp\htdocs\ostin\framework\cli\commands\MigrateCommand.php(385): m140508_144122_create_user_table->up()
#4 C:\xampp\htdocs\ostin\framework\cli\commands\MigrateCommand.php(109): MigrateCommand->migrateUp('m140508_144122_...')
#5 [internal function]: MigrateCommand->actionUp(Array)
#6 C:\xampp\htdocs\ostin\framework\console\CConsoleCommand.php(172): ReflectionMethod->invokeArgs(Object(MigrateCommand), Array)
#7 C:\xampp\htdocs\ostin\framework\console\CConsoleCommandRunner.php(71): CConsoleCommand->run(Array)
#8 C:\xampp\htdocs\ostin\framework\console\CConsoleApplication.php(92): CConsoleCommandRunner->run(Array)
#9 C:\xampp\htdocs\ostin\framework\base\CApplication.php(180): CConsoleApplication->processRequest()
#10 C:\xampp\htdocs\ostin\framework\yiic.php(33): CApplication->run()
#11 C:\xampp\htdocs\ostin\www\protected\yiic.php(7): require_once('C:\xampp\htdocs...')
#12 C:\xampp\htdocs\ostin\www\protected\yiic(4): require_once('C:\xampp\htdocs...')
#13 {main}
---
2014/05/08 17:01:08 [error] [system.db.CDbCommand] CDbCommand::fetchAll() failed: SQLSTATE[42S02]: Base table or view not found: 1146 Table 'ostin.tbl_migration' doesn't exist. The SQL statement executed was: SHOW FULL COLUMNS FROM `tbl_migration`.
2014/05/08 17:13:08 [error] [exception.CHttpException.404] exception 'CHttpException' with message 'The system is unable to find the requested action "images".' in C:\xampp\htdocs\ostin\framework\web\CController.php:483
Stack trace:
#0 C:\xampp\htdocs\ostin\framework\web\CController.php(270): CController->missingAction('images')
#1 C:\xampp\htdocs\ostin\framework\web\CWebApplication.php(282): CController->run('images')
#2 C:\xampp\htdocs\ostin\framework\web\CWebApplication.php(141): CWebApplication->runController('site/images/dog...')
#3 C:\xampp\htdocs\ostin\framework\base\CApplication.php(180): CWebApplication->processRequest()
#4 C:\xampp\htdocs\ostin\www\index.php(13): CApplication->run()
#5 {main}
REQUEST_URI=/index.php/site/images/dog3.jpg
HTTP_REFERER=http://ostin.web/index.php/site/index
---
2014/05/08 17:13:08 [error] [exception.CHttpException.404] exception 'CHttpException' with message 'The system is unable to find the requested action "images".' in C:\xampp\htdocs\ostin\framework\web\CController.php:483
Stack trace:
#0 C:\xampp\htdocs\ostin\framework\web\CController.php(270): CController->missingAction('images')
#1 C:\xampp\htdocs\ostin\framework\web\CWebApplication.php(282): CController->run('images')
#2 C:\xampp\htdocs\ostin\framework\web\CWebApplication.php(141): CWebApplication->runController('site/images/dog...')
#3 C:\xampp\htdocs\ostin\framework\base\CApplication.php(180): CWebApplication->processRequest()
#4 C:\xampp\htdocs\ostin\www\index.php(13): CApplication->run()
#5 {main}
REQUEST_URI=/index.php/site/images/dog5.jpg
HTTP_REFERER=http://ostin.web/index.php/site/index
---
2014/05/08 17:13:08 [error] [exception.CHttpException.404] exception 'CHttpException' with message 'The system is unable to find the requested action "images".' in C:\xampp\htdocs\ostin\framework\web\CController.php:483
Stack trace:
#0 C:\xampp\htdocs\ostin\framework\web\CController.php(270): CController->missingAction('images')
#1 C:\xampp\htdocs\ostin\framework\web\CWebApplication.php(282): CController->run('images')
#2 C:\xampp\htdocs\ostin\framework\web\CWebApplication.php(141): CWebApplication->runController('site/images/dog...')
#3 C:\xampp\htdocs\ostin\framework\base\CApplication.php(180): CWebApplication->processRequest()
#4 C:\xampp\htdocs\ostin\www\index.php(13): CApplication->run()
#5 {main}
REQUEST_URI=/index.php/site/images/dog2.jpg
HTTP_REFERER=http://ostin.web/index.php/site/index
---
2014/05/08 17:13:08 [error] [exception.CHttpException.404] exception 'CHttpException' with message 'The system is unable to find the requested action "images".' in C:\xampp\htdocs\ostin\framework\web\CController.php:483
Stack trace:
#0 C:\xampp\htdocs\ostin\framework\web\CController.php(270): CController->missingAction('images')
#1 C:\xampp\htdocs\ostin\framework\web\CWebApplication.php(282): CController->run('images')
#2 C:\xampp\htdocs\ostin\framework\web\CWebApplication.php(141): CWebApplication->runController('site/images/dog...')
#3 C:\xampp\htdocs\ostin\framework\base\CApplication.php(180): CWebApplication->processRequest()
#4 C:\xampp\htdocs\ostin\www\index.php(13): CApplication->run()
#5 {main}
REQUEST_URI=/index.php/site/images/dog1.jpg
HTTP_REFERER=http://ostin.web/index.php/site/index
---
2014/05/08 17:13:08 [error] [exception.CHttpException.404] exception 'CHttpException' with message 'The system is unable to find the requested action "images".' in C:\xampp\htdocs\ostin\framework\web\CController.php:483
Stack trace:
#0 C:\xampp\htdocs\ostin\framework\web\CController.php(270): CController->missingAction('images')
#1 C:\xampp\htdocs\ostin\framework\web\CWebApplication.php(282): CController->run('images')
#2 C:\xampp\htdocs\ostin\framework\web\CWebApplication.php(141): CWebApplication->runController('site/images/dog...')
#3 C:\xampp\htdocs\ostin\framework\base\CApplication.php(180): CWebApplication->processRequest()
#4 C:\xampp\htdocs\ostin\www\index.php(13): CApplication->run()
#5 {main}
REQUEST_URI=/index.php/site/images/dog4.jpg
HTTP_REFERER=http://ostin.web/index.php/site/index
---
2014/05/08 17:19:32 [error] [exception.CHttpException.404] exception 'CHttpException' with message 'The system is unable to find the requested action "images".' in C:\xampp\htdocs\ostin\framework\web\CController.php:483
Stack trace:
#0 C:\xampp\htdocs\ostin\framework\web\CController.php(270): CController->missingAction('images')
#1 C:\xampp\htdocs\ostin\framework\web\CWebApplication.php(282): CController->run('images')
#2 C:\xampp\htdocs\ostin\framework\web\CWebApplication.php(141): CWebApplication->runController('site/images/dog...')
#3 C:\xampp\htdocs\ostin\framework\base\CApplication.php(180): CWebApplication->processRequest()
#4 C:\xampp\htdocs\ostin\www\index.php(13): CApplication->run()
#5 {main}
REQUEST_URI=/index.php/site/images/dog1.jpg
HTTP_REFERER=http://ostin.web/index.php/site/index
---
2014/05/08 17:19:32 [error] [exception.CHttpException.404] exception 'CHttpException' with message 'The system is unable to find the requested action "images".' in C:\xampp\htdocs\ostin\framework\web\CController.php:483
Stack trace:
#0 C:\xampp\htdocs\ostin\framework\web\CController.php(270): CController->missingAction('images')
#1 C:\xampp\htdocs\ostin\framework\web\CWebApplication.php(282): CController->run('images')
#2 C:\xampp\htdocs\ostin\framework\web\CWebApplication.php(141): CWebApplication->runController('site/images/dog...')
#3 C:\xampp\htdocs\ostin\framework\base\CApplication.php(180): CWebApplication->processRequest()
#4 C:\xampp\htdocs\ostin\www\index.php(13): CApplication->run()
#5 {main}
REQUEST_URI=/index.php/site/images/dog2.jpg
HTTP_REFERER=http://ostin.web/index.php/site/index
---
2014/05/08 17:19:32 [error] [exception.CHttpException.404] exception 'CHttpException' with message 'The system is unable to find the requested action "images".' in C:\xampp\htdocs\ostin\framework\web\CController.php:483
Stack trace:
#0 C:\xampp\htdocs\ostin\framework\web\CController.php(270): CController->missingAction('images')
#1 C:\xampp\htdocs\ostin\framework\web\CWebApplication.php(282): CController->run('images')
#2 C:\xampp\htdocs\ostin\framework\web\CWebApplication.php(141): CWebApplication->runController('site/images/dog...')
#3 C:\xampp\htdocs\ostin\framework\base\CApplication.php(180): CWebApplication->processRequest()
#4 C:\xampp\htdocs\ostin\www\index.php(13): CApplication->run()
#5 {main}
REQUEST_URI=/index.php/site/images/dog3.jpg
HTTP_REFERER=http://ostin.web/index.php/site/index
---
2014/05/08 17:19:32 [error] [exception.CHttpException.404] exception 'CHttpException' with message 'The system is unable to find the requested action "images".' in C:\xampp\htdocs\ostin\framework\web\CController.php:483
Stack trace:
#0 C:\xampp\htdocs\ostin\framework\web\CController.php(270): CController->missingAction('images')
#1 C:\xampp\htdocs\ostin\framework\web\CWebApplication.php(282): CController->run('images')
#2 C:\xampp\htdocs\ostin\framework\web\CWebApplication.php(141): CWebApplication->runController('site/images/dog...')
#3 C:\xampp\htdocs\ostin\framework\base\CApplication.php(180): CWebApplication->processRequest()
#4 C:\xampp\htdocs\ostin\www\index.php(13): CApplication->run()
#5 {main}
REQUEST_URI=/index.php/site/images/dog4.jpg
HTTP_REFERER=http://ostin.web/index.php/site/index
---
2014/05/08 17:19:32 [error] [exception.CHttpException.404] exception 'CHttpException' with message 'The system is unable to find the requested action "images".' in C:\xampp\htdocs\ostin\framework\web\CController.php:483
Stack trace:
#0 C:\xampp\htdocs\ostin\framework\web\CController.php(270): CController->missingAction('images')
#1 C:\xampp\htdocs\ostin\framework\web\CWebApplication.php(282): CController->run('images')
#2 C:\xampp\htdocs\ostin\framework\web\CWebApplication.php(141): CWebApplication->runController('site/images/dog...')
#3 C:\xampp\htdocs\ostin\framework\base\CApplication.php(180): CWebApplication->processRequest()
#4 C:\xampp\htdocs\ostin\www\index.php(13): CApplication->run()
#5 {main}
REQUEST_URI=/index.php/site/images/dog5.jpg
HTTP_REFERER=http://ostin.web/index.php/site/index
---
2014/05/08 17:19:38 [error] [exception.CHttpException.404] exception 'CHttpException' with message 'The system is unable to find the requested action "images".' in C:\xampp\htdocs\ostin\framework\web\CController.php:483
Stack trace:
#0 C:\xampp\htdocs\ostin\framework\web\CController.php(270): CController->missingAction('images')
#1 C:\xampp\htdocs\ostin\framework\web\CWebApplication.php(282): CController->run('images')
#2 C:\xampp\htdocs\ostin\framework\web\CWebApplication.php(141): CWebApplication->runController('site/images/dog...')
#3 C:\xampp\htdocs\ostin\framework\base\CApplication.php(180): CWebApplication->processRequest()
#4 C:\xampp\htdocs\ostin\www\index.php(13): CApplication->run()
#5 {main}
REQUEST_URI=/index.php/site/images/dog1.jpg
HTTP_REFERER=http://ostin.web/index.php/site/index
---
2014/05/08 17:19:38 [error] [exception.CHttpException.404] exception 'CHttpException' with message 'The system is unable to find the requested action "images".' in C:\xampp\htdocs\ostin\framework\web\CController.php:483
Stack trace:
#0 C:\xampp\htdocs\ostin\framework\web\CController.php(270): CController->missingAction('images')
#1 C:\xampp\htdocs\ostin\framework\web\CWebApplication.php(282): CController->run('images')
#2 C:\xampp\htdocs\ostin\framework\web\CWebApplication.php(141): CWebApplication->runController('site/images/dog...')
#3 C:\xampp\htdocs\ostin\framework\base\CApplication.php(180): CWebApplication->processRequest()
#4 C:\xampp\htdocs\ostin\www\index.php(13): CApplication->run()
#5 {main}
REQUEST_URI=/index.php/site/images/dog2.jpg
HTTP_REFERER=http://ostin.web/index.php/site/index
---
2014/05/08 17:19:38 [error] [exception.CHttpException.404] exception 'CHttpException' with message 'The system is unable to find the requested action "images".' in C:\xampp\htdocs\ostin\framework\web\CController.php:483
Stack trace:
#0 C:\xampp\htdocs\ostin\framework\web\CController.php(270): CController->missingAction('images')
#1 C:\xampp\htdocs\ostin\framework\web\CWebApplication.php(282): CController->run('images')
#2 C:\xampp\htdocs\ostin\framework\web\CWebApplication.php(141): CWebApplication->runController('site/images/dog...')
#3 C:\xampp\htdocs\ostin\framework\base\CApplication.php(180): CWebApplication->processRequest()
#4 C:\xampp\htdocs\ostin\www\index.php(13): CApplication->run()
#5 {main}
REQUEST_URI=/index.php/site/images/dog3.jpg
HTTP_REFERER=http://ostin.web/index.php/site/index
---
2014/05/08 17:19:38 [error] [exception.CHttpException.404] exception 'CHttpException' with message 'The system is unable to find the requested action "images".' in C:\xampp\htdocs\ostin\framework\web\CController.php:483
Stack trace:
#0 C:\xampp\htdocs\ostin\framework\web\CController.php(270): CController->missingAction('images')
#1 C:\xampp\htdocs\ostin\framework\web\CWebApplication.php(282): CController->run('images')
#2 C:\xampp\htdocs\ostin\framework\web\CWebApplication.php(141): CWebApplication->runController('site/images/dog...')
#3 C:\xampp\htdocs\ostin\framework\base\CApplication.php(180): CWebApplication->processRequest()
#4 C:\xampp\htdocs\ostin\www\index.php(13): CApplication->run()
#5 {main}
REQUEST_URI=/index.php/site/images/dog4.jpg
HTTP_REFERER=http://ostin.web/index.php/site/index
---
2014/05/08 17:19:38 [error] [exception.CHttpException.404] exception 'CHttpException' with message 'The system is unable to find the requested action "images".' in C:\xampp\htdocs\ostin\framework\web\CController.php:483
Stack trace:
#0 C:\xampp\htdocs\ostin\framework\web\CController.php(270): CController->missingAction('images')
#1 C:\xampp\htdocs\ostin\framework\web\CWebApplication.php(282): CController->run('images')
#2 C:\xampp\htdocs\ostin\framework\web\CWebApplication.php(141): CWebApplication->runController('site/images/dog...')
#3 C:\xampp\htdocs\ostin\framework\base\CApplication.php(180): CWebApplication->processRequest()
#4 C:\xampp\htdocs\ostin\www\index.php(13): CApplication->run()
#5 {main}
REQUEST_URI=/index.php/site/images/dog5.jpg
HTTP_REFERER=http://ostin.web/index.php/site/index
---
2014/05/08 17:23:17 [error] [exception.CHttpException.404] exception 'CHttpException' with message 'The system is unable to find the requested action "images".' in C:\xampp\htdocs\ostin\framework\web\CController.php:483
Stack trace:
#0 C:\xampp\htdocs\ostin\framework\web\CController.php(270): CController->missingAction('images')
#1 C:\xampp\htdocs\ostin\framework\web\CWebApplication.php(282): CController->run('images')
#2 C:\xampp\htdocs\ostin\framework\web\CWebApplication.php(141): CWebApplication->runController('site/images/dog...')
#3 C:\xampp\htdocs\ostin\framework\base\CApplication.php(180): CWebApplication->processRequest()
#4 C:\xampp\htdocs\ostin\www\index.php(13): CApplication->run()
#5 {main}
REQUEST_URI=/site/images/dog1.jpg
HTTP_REFERER=http://ostin.web/site/index
---
2014/05/08 17:23:17 [error] [exception.CHttpException.404] exception 'CHttpException' with message 'The system is unable to find the requested action "images".' in C:\xampp\htdocs\ostin\framework\web\CController.php:483
Stack trace:
#0 C:\xampp\htdocs\ostin\framework\web\CController.php(270): CController->missingAction('images')
#1 C:\xampp\htdocs\ostin\framework\web\CWebApplication.php(282): CController->run('images')
#2 C:\xampp\htdocs\ostin\framework\web\CWebApplication.php(141): CWebApplication->runController('site/images/dog...')
#3 C:\xampp\htdocs\ostin\framework\base\CApplication.php(180): CWebApplication->processRequest()
#4 C:\xampp\htdocs\ostin\www\index.php(13): CApplication->run()
#5 {main}
REQUEST_URI=/site/images/dog2.jpg
HTTP_REFERER=http://ostin.web/site/index
---
2014/05/08 17:23:17 [error] [exception.CHttpException.404] exception 'CHttpException' with message 'The system is unable to find the requested action "images".' in C:\xampp\htdocs\ostin\framework\web\CController.php:483
Stack trace:
#0 C:\xampp\htdocs\ostin\framework\web\CController.php(270): CController->missingAction('images')
#1 C:\xampp\htdocs\ostin\framework\web\CWebApplication.php(282): CController->run('images')
#2 C:\xampp\htdocs\ostin\framework\web\CWebApplication.php(141): CWebApplication->runController('site/images/dog...')
#3 C:\xampp\htdocs\ostin\framework\base\CApplication.php(180): CWebApplication->processRequest()
#4 C:\xampp\htdocs\ostin\www\index.php(13): CApplication->run()
#5 {main}
REQUEST_URI=/site/images/dog3.jpg
HTTP_REFERER=http://ostin.web/site/index
---
2014/05/08 17:23:17 [error] [exception.CHttpException.404] exception 'CHttpException' with message 'The system is unable to find the requested action "images".' in C:\xampp\htdocs\ostin\framework\web\CController.php:483
Stack trace:
#0 C:\xampp\htdocs\ostin\framework\web\CController.php(270): CController->missingAction('images')
#1 C:\xampp\htdocs\ostin\framework\web\CWebApplication.php(282): CController->run('images')
#2 C:\xampp\htdocs\ostin\framework\web\CWebApplication.php(141): CWebApplication->runController('site/images/dog...')
#3 C:\xampp\htdocs\ostin\framework\base\CApplication.php(180): CWebApplication->processRequest()
#4 C:\xampp\htdocs\ostin\www\index.php(13): CApplication->run()
#5 {main}
REQUEST_URI=/site/images/dog5.jpg
HTTP_REFERER=http://ostin.web/site/index
---
2014/05/08 17:23:17 [error] [exception.CHttpException.404] exception 'CHttpException' with message 'The system is unable to find the requested action "images".' in C:\xampp\htdocs\ostin\framework\web\CController.php:483
Stack trace:
#0 C:\xampp\htdocs\ostin\framework\web\CController.php(270): CController->missingAction('images')
#1 C:\xampp\htdocs\ostin\framework\web\CWebApplication.php(282): CController->run('images')
#2 C:\xampp\htdocs\ostin\framework\web\CWebApplication.php(141): CWebApplication->runController('site/images/dog...')
#3 C:\xampp\htdocs\ostin\framework\base\CApplication.php(180): CWebApplication->processRequest()
#4 C:\xampp\htdocs\ostin\www\index.php(13): CApplication->run()
#5 {main}
REQUEST_URI=/site/images/dog4.jpg
HTTP_REFERER=http://ostin.web/site/index
---
2014/05/08 17:23:20 [error] [exception.CHttpException.404] exception 'CHttpException' with message 'The system is unable to find the requested action "images".' in C:\xampp\htdocs\ostin\framework\web\CController.php:483
Stack trace:
#0 C:\xampp\htdocs\ostin\framework\web\CController.php(270): CController->missingAction('images')
#1 C:\xampp\htdocs\ostin\framework\web\CWebApplication.php(282): CController->run('images')
#2 C:\xampp\htdocs\ostin\framework\web\CWebApplication.php(141): CWebApplication->runController('site/images/dog...')
#3 C:\xampp\htdocs\ostin\framework\base\CApplication.php(180): CWebApplication->processRequest()
#4 C:\xampp\htdocs\ostin\www\index.php(13): CApplication->run()
#5 {main}
REQUEST_URI=/site/images/dog1.jpg
HTTP_REFERER=http://ostin.web/site/index
---
2014/05/08 17:23:20 [error] [exception.CHttpException.404] exception 'CHttpException' with message 'The system is unable to find the requested action "images".' in C:\xampp\htdocs\ostin\framework\web\CController.php:483
Stack trace:
#0 C:\xampp\htdocs\ostin\framework\web\CController.php(270): CController->missingAction('images')
#1 C:\xampp\htdocs\ostin\framework\web\CWebApplication.php(282): CController->run('images')
#2 C:\xampp\htdocs\ostin\framework\web\CWebApplication.php(141): CWebApplication->runController('site/images/dog...')
#3 C:\xampp\htdocs\ostin\framework\base\CApplication.php(180): CWebApplication->processRequest()
#4 C:\xampp\htdocs\ostin\www\index.php(13): CApplication->run()
#5 {main}
REQUEST_URI=/site/images/dog3.jpg
HTTP_REFERER=http://ostin.web/site/index
---
2014/05/08 17:23:20 [error] [exception.CHttpException.404] exception 'CHttpException' with message 'The system is unable to find the requested action "images".' in C:\xampp\htdocs\ostin\framework\web\CController.php:483
Stack trace:
#0 C:\xampp\htdocs\ostin\framework\web\CController.php(270): CController->missingAction('images')
#1 C:\xampp\htdocs\ostin\framework\web\CWebApplication.php(282): CController->run('images')
#2 C:\xampp\htdocs\ostin\framework\web\CWebApplication.php(141): CWebApplication->runController('site/images/dog...')
#3 C:\xampp\htdocs\ostin\framework\base\CApplication.php(180): CWebApplication->processRequest()
#4 C:\xampp\htdocs\ostin\www\index.php(13): CApplication->run()
#5 {main}
REQUEST_URI=/site/images/dog4.jpg
HTTP_REFERER=http://ostin.web/site/index
---
2014/05/08 17:23:20 [error] [exception.CHttpException.404] exception 'CHttpException' with message 'The system is unable to find the requested action "images".' in C:\xampp\htdocs\ostin\framework\web\CController.php:483
Stack trace:
#0 C:\xampp\htdocs\ostin\framework\web\CController.php(270): CController->missingAction('images')
#1 C:\xampp\htdocs\ostin\framework\web\CWebApplication.php(282): CController->run('images')
#2 C:\xampp\htdocs\ostin\framework\web\CWebApplication.php(141): CWebApplication->runController('site/images/dog...')
#3 C:\xampp\htdocs\ostin\framework\base\CApplication.php(180): CWebApplication->processRequest()
#4 C:\xampp\htdocs\ostin\www\index.php(13): CApplication->run()
#5 {main}
REQUEST_URI=/site/images/dog2.jpg
HTTP_REFERER=http://ostin.web/site/index
---
2014/05/08 17:23:20 [error] [exception.CHttpException.404] exception 'CHttpException' with message 'The system is unable to find the requested action "images".' in C:\xampp\htdocs\ostin\framework\web\CController.php:483
Stack trace:
#0 C:\xampp\htdocs\ostin\framework\web\CController.php(270): CController->missingAction('images')
#1 C:\xampp\htdocs\ostin\framework\web\CWebApplication.php(282): CController->run('images')
#2 C:\xampp\htdocs\ostin\framework\web\CWebApplication.php(141): CWebApplication->runController('site/images/dog...')
#3 C:\xampp\htdocs\ostin\framework\base\CApplication.php(180): CWebApplication->processRequest()
#4 C:\xampp\htdocs\ostin\www\index.php(13): CApplication->run()
#5 {main}
REQUEST_URI=/site/images/dog5.jpg
HTTP_REFERER=http://ostin.web/site/index
---
2014/05/08 17:24:40 [error] [exception.CHttpException.404] exception 'CHttpException' with message 'The system is unable to find the requested action "images".' in C:\xampp\htdocs\ostin\framework\web\CController.php:483
Stack trace:
#0 C:\xampp\htdocs\ostin\framework\web\CController.php(270): CController->missingAction('images')
#1 C:\xampp\htdocs\ostin\framework\web\CWebApplication.php(282): CController->run('images')
#2 C:\xampp\htdocs\ostin\framework\web\CWebApplication.php(141): CWebApplication->runController('site/images/dog...')
#3 C:\xampp\htdocs\ostin\framework\base\CApplication.php(180): CWebApplication->processRequest()
#4 C:\xampp\htdocs\ostin\www\index.php(13): CApplication->run()
#5 {main}
REQUEST_URI=/site/images/dog1.jpg
HTTP_REFERER=http://ostin.web/site/index
---
2014/05/08 17:24:40 [error] [exception.CHttpException.404] exception 'CHttpException' with message 'The system is unable to find the requested action "images".' in C:\xampp\htdocs\ostin\framework\web\CController.php:483
Stack trace:
#0 C:\xampp\htdocs\ostin\framework\web\CController.php(270): CController->missingAction('images')
#1 C:\xampp\htdocs\ostin\framework\web\CWebApplication.php(282): CController->run('images')
#2 C:\xampp\htdocs\ostin\framework\web\CWebApplication.php(141): CWebApplication->runController('site/images/dog...')
#3 C:\xampp\htdocs\ostin\framework\base\CApplication.php(180): CWebApplication->processRequest()
#4 C:\xampp\htdocs\ostin\www\index.php(13): CApplication->run()
#5 {main}
REQUEST_URI=/site/images/dog4.jpg
HTTP_REFERER=http://ostin.web/site/index
---
2014/05/08 17:24:40 [error] [exception.CHttpException.404] exception 'CHttpException' with message 'The system is unable to find the requested action "images".' in C:\xampp\htdocs\ostin\framework\web\CController.php:483
Stack trace:
#0 C:\xampp\htdocs\ostin\framework\web\CController.php(270): CController->missingAction('images')
#1 C:\xampp\htdocs\ostin\framework\web\CWebApplication.php(282): CController->run('images')
#2 C:\xampp\htdocs\ostin\framework\web\CWebApplication.php(141): CWebApplication->runController('site/images/dog...')
#3 C:\xampp\htdocs\ostin\framework\base\CApplication.php(180): CWebApplication->processRequest()
#4 C:\xampp\htdocs\ostin\www\index.php(13): CApplication->run()
#5 {main}
REQUEST_URI=/site/images/dog2.jpg
HTTP_REFERER=http://ostin.web/site/index
---
2014/05/08 17:24:40 [error] [exception.CHttpException.404] exception 'CHttpException' with message 'The system is unable to find the requested action "images".' in C:\xampp\htdocs\ostin\framework\web\CController.php:483
Stack trace:
#0 C:\xampp\htdocs\ostin\framework\web\CController.php(270): CController->missingAction('images')
#1 C:\xampp\htdocs\ostin\framework\web\CWebApplication.php(282): CController->run('images')
#2 C:\xampp\htdocs\ostin\framework\web\CWebApplication.php(141): CWebApplication->runController('site/images/dog...')
#3 C:\xampp\htdocs\ostin\framework\base\CApplication.php(180): CWebApplication->processRequest()
#4 C:\xampp\htdocs\ostin\www\index.php(13): CApplication->run()
#5 {main}
REQUEST_URI=/site/images/dog5.jpg
HTTP_REFERER=http://ostin.web/site/index
---
2014/05/08 17:24:40 [error] [exception.CHttpException.404] exception 'CHttpException' with message 'The system is unable to find the requested action "images".' in C:\xampp\htdocs\ostin\framework\web\CController.php:483
Stack trace:
#0 C:\xampp\htdocs\ostin\framework\web\CController.php(270): CController->missingAction('images')
#1 C:\xampp\htdocs\ostin\framework\web\CWebApplication.php(282): CController->run('images')
#2 C:\xampp\htdocs\ostin\framework\web\CWebApplication.php(141): CWebApplication->runController('site/images/dog...')
#3 C:\xampp\htdocs\ostin\framework\base\CApplication.php(180): CWebApplication->processRequest()
#4 C:\xampp\htdocs\ostin\www\index.php(13): CApplication->run()
#5 {main}
REQUEST_URI=/site/images/dog3.jpg
HTTP_REFERER=http://ostin.web/site/index
---
2014/05/08 17:26:27 [error] [exception.CHttpException.404] exception 'CHttpException' with message 'The system is unable to find the requested action "images".' in C:\xampp\htdocs\ostin\framework\web\CController.php:483
Stack trace:
#0 C:\xampp\htdocs\ostin\framework\web\CController.php(270): CController->missingAction('images')
#1 C:\xampp\htdocs\ostin\framework\web\CWebApplication.php(282): CController->run('images')
#2 C:\xampp\htdocs\ostin\framework\web\CWebApplication.php(141): CWebApplication->runController('site/images/dog...')
#3 C:\xampp\htdocs\ostin\framework\base\CApplication.php(180): CWebApplication->processRequest()
#4 C:\xampp\htdocs\ostin\www\index.php(13): CApplication->run()
#5 {main}
REQUEST_URI=/site/images/dog1.jpg
HTTP_REFERER=http://ostin.web/site/index
---
2014/05/08 17:26:27 [error] [exception.CHttpException.404] exception 'CHttpException' with message 'The system is unable to find the requested action "images".' in C:\xampp\htdocs\ostin\framework\web\CController.php:483
Stack trace:
#0 C:\xampp\htdocs\ostin\framework\web\CController.php(270): CController->missingAction('images')
#1 C:\xampp\htdocs\ostin\framework\web\CWebApplication.php(282): CController->run('images')
#2 C:\xampp\htdocs\ostin\framework\web\CWebApplication.php(141): CWebApplication->runController('site/images/dog...')
#3 C:\xampp\htdocs\ostin\framework\base\CApplication.php(180): CWebApplication->processRequest()
#4 C:\xampp\htdocs\ostin\www\index.php(13): CApplication->run()
#5 {main}
REQUEST_URI=/site/images/dog2.jpg
HTTP_REFERER=http://ostin.web/site/index
---
2014/05/08 17:26:28 [error] [exception.CHttpException.404] exception 'CHttpException' with message 'The system is unable to find the requested action "images".' in C:\xampp\htdocs\ostin\framework\web\CController.php:483
Stack trace:
#0 C:\xampp\htdocs\ostin\framework\web\CController.php(270): CController->missingAction('images')
#1 C:\xampp\htdocs\ostin\framework\web\CWebApplication.php(282): CController->run('images')
#2 C:\xampp\htdocs\ostin\framework\web\CWebApplication.php(141): CWebApplication->runController('site/images/dog...')
#3 C:\xampp\htdocs\ostin\framework\base\CApplication.php(180): CWebApplication->processRequest()
#4 C:\xampp\htdocs\ostin\www\index.php(13): CApplication->run()
#5 {main}
REQUEST_URI=/site/images/dog4.jpg
HTTP_REFERER=http://ostin.web/site/index
---
2014/05/08 17:26:27 [error] [exception.CHttpException.404] exception 'CHttpException' with message 'The system is unable to find the requested action "images".' in C:\xampp\htdocs\ostin\framework\web\CController.php:483
Stack trace:
#0 C:\xampp\htdocs\ostin\framework\web\CController.php(270): CController->missingAction('images')
#1 C:\xampp\htdocs\ostin\framework\web\CWebApplication.php(282): CController->run('images')
#2 C:\xampp\htdocs\ostin\framework\web\CWebApplication.php(141): CWebApplication->runController('site/images/dog...')
#3 C:\xampp\htdocs\ostin\framework\base\CApplication.php(180): CWebApplication->processRequest()
#4 C:\xampp\htdocs\ostin\www\index.php(13): CApplication->run()
#5 {main}
REQUEST_URI=/site/images/dog3.jpg
HTTP_REFERER=http://ostin.web/site/index
---
2014/05/08 17:26:28 [error] [exception.CHttpException.404] exception 'CHttpException' with message 'The system is unable to find the requested action "images".' in C:\xampp\htdocs\ostin\framework\web\CController.php:483
Stack trace:
#0 C:\xampp\htdocs\ostin\framework\web\CController.php(270): CController->missingAction('images')
#1 C:\xampp\htdocs\ostin\framework\web\CWebApplication.php(282): CController->run('images')
#2 C:\xampp\htdocs\ostin\framework\web\CWebApplication.php(141): CWebApplication->runController('site/images/dog...')
#3 C:\xampp\htdocs\ostin\framework\base\CApplication.php(180): CWebApplication->processRequest()
#4 C:\xampp\htdocs\ostin\www\index.php(13): CApplication->run()
#5 {main}
REQUEST_URI=/site/images/dog5.jpg
HTTP_REFERER=http://ostin.web/site/index
---
2014/05/11 17:38:05 [error] [exception.CHttpException.404] exception 'CHttpException' with message 'Unable to resolve the request "favicon.ico".' in C:\xampp\htdocs\ostin\framework\web\CWebApplication.php:286
Stack trace:
#0 C:\xampp\htdocs\ostin\framework\web\CWebApplication.php(141): CWebApplication->runController('favicon.ico')
#1 C:\xampp\htdocs\ostin\framework\base\CApplication.php(180): CWebApplication->processRequest()
#2 C:\xampp\htdocs\ostin\www\index.php(13): CApplication->run()
#3 {main}
REQUEST_URI=/favicon.ico
---
2014/05/11 17:42:17 [error] [system.db.CDbCommand] CDbCommand::fetchAll() failed: SQLSTATE[42S02]: Base table or view not found: 1146 Table 'ostin.user' doesn't exist. The SQL statement executed was: SHOW FULL COLUMNS FROM `user`.
in C:\xampp\htdocs\ostin\www\index.php (13)
2014/05/12 11:18:37 [error] [system.db.CDbCommand] CDbCommand::fetchAll() failed: SQLSTATE[42S02]: Base table or view not found: 1146 Table 'ostin.tbl_migration' doesn't exist. The SQL statement executed was: SHOW FULL COLUMNS FROM `tbl_migration`.
2014/05/12 11:36:34 [error] [exception.CHttpException.404] exception 'CHttpException' with message 'Unable to resolve the request "xampp/splash.php".' in C:\xampp\htdocs\ostin\framework\web\CWebApplication.php:286
Stack trace:
#0 C:\xampp\htdocs\ostin\framework\web\CWebApplication.php(141): CWebApplication->runController('xampp/splash.ph...')
#1 C:\xampp\htdocs\ostin\framework\base\CApplication.php(169): CWebApplication->processRequest()
#2 C:\xampp\htdocs\ostin\www\index.php(13): CApplication->run()
#3 {main}
REQUEST_URI=/xampp/splash.php
---
2014/05/12 11:37:52 [error] [exception.CHttpException.403] exception 'CHttpException' with message 'You are not authorized to perform this action.' in C:\xampp\htdocs\ostin\framework\web\auth\CAccessControlFilter.php:179
Stack trace:
#0 C:\xampp\htdocs\ostin\framework\web\auth\CAccessControlFilter.php(142): CAccessControlFilter->accessDenied(Object(CWebUser), 'You are not aut...')
#1 C:\xampp\htdocs\ostin\framework\web\filters\CFilter.php(38): CAccessControlFilter->preFilter(Object(CFilterChain))
#2 C:\xampp\htdocs\ostin\framework\web\CController.php(1145): CFilter->filter(Object(CFilterChain))
#3 C:\xampp\htdocs\ostin\framework\web\filters\CInlineFilter.php(58): CController->filterAccessControl(Object(CFilterChain))
#4 C:\xampp\htdocs\ostin\framework\web\filters\CFilterChain.php(130): CInlineFilter->filter(Object(CFilterChain))
#5 C:\xampp\htdocs\ostin\framework\web\CController.php(291): CFilterChain->run()
#6 C:\xampp\htdocs\ostin\framework\web\CController.php(265): CController->runActionWithFilters(Object(CInlineAction), Array)
#7 C:\xampp\htdocs\ostin\framework\web\CWebApplication.php(282): CController->run('')
#8 C:\xampp\htdocs\ostin\framework\web\CWebApplication.php(141): CWebApplication->runController('admin')
#9 C:\xampp\htdocs\ostin\framework\base\CApplication.php(169): CWebApplication->processRequest()
#10 C:\xampp\htdocs\ostin\www\index.php(13): CApplication->run()
#11 {main}
REQUEST_URI=/admin
HTTP_REFERER=http://ostin.web/site/login
---
2014/05/12 11:37:59 [error] [exception.CHttpException.403] exception 'CHttpException' with message 'You are not authorized to perform this action.' in C:\xampp\htdocs\ostin\framework\web\auth\CAccessControlFilter.php:179
Stack trace:
#0 C:\xampp\htdocs\ostin\framework\web\auth\CAccessControlFilter.php(142): CAccessControlFilter->accessDenied(Object(CWebUser), 'You are not aut...')
#1 C:\xampp\htdocs\ostin\framework\web\filters\CFilter.php(38): CAccessControlFilter->preFilter(Object(CFilterChain))
#2 C:\xampp\htdocs\ostin\framework\web\CController.php(1145): CFilter->filter(Object(CFilterChain))
#3 C:\xampp\htdocs\ostin\framework\web\filters\CInlineFilter.php(58): CController->filterAccessControl(Object(CFilterChain))
#4 C:\xampp\htdocs\ostin\framework\web\filters\CFilterChain.php(130): CInlineFilter->filter(Object(CFilterChain))
#5 C:\xampp\htdocs\ostin\framework\web\CController.php(291): CFilterChain->run()
#6 C:\xampp\htdocs\ostin\framework\web\CController.php(265): CController->runActionWithFilters(Object(CInlineAction), Array)
#7 C:\xampp\htdocs\ostin\framework\web\CWebApplication.php(282): CController->run('')
#8 C:\xampp\htdocs\ostin\framework\web\CWebApplication.php(141): CWebApplication->runController('admin')
#9 C:\xampp\htdocs\ostin\framework\base\CApplication.php(169): CWebApplication->processRequest()
#10 C:\xampp\htdocs\ostin\www\index.php(13): CApplication->run()
#11 {main}
REQUEST_URI=/admin
HTTP_REFERER=http://ostin.web/site/login
---
2014/05/12 11:48:43 [error] [exception.CException] exception 'CException' with message 'Property "CConsoleApplication.authManager" is not defined.' in C:\xampp\htdocs\ostin\framework\base\CComponent.php:130
Stack trace:
#0 C:\xampp\htdocs\ostin\framework\base\CModule.php(105): CComponent->__get('authManager')
#1 C:\xampp\htdocs\ostin\www\protected\migrations\m140512_094748_create_role_operations.php(12): CModule->__get('authManager')
#2 C:\xampp\htdocs\ostin\framework\cli\commands\MigrateCommand.php(385): m140512_094748_create_role_operations->up()
#3 C:\xampp\htdocs\ostin\framework\cli\commands\MigrateCommand.php(109): MigrateCommand->migrateUp('m140512_094748_...')
#4 [internal function]: MigrateCommand->actionUp(Array)
#5 C:\xampp\htdocs\ostin\framework\console\CConsoleCommand.php(172): ReflectionMethod->invokeArgs(Object(MigrateCommand), Array)
#6 C:\xampp\htdocs\ostin\framework\console\CConsoleCommandRunner.php(67): CConsoleCommand->run(Array)
#7 C:\xampp\htdocs\ostin\framework\console\CConsoleApplication.php(91): CConsoleCommandRunner->run(Array)
#8 C:\xampp\htdocs\ostin\framework\base\CApplication.php(169): CConsoleApplication->processRequest()
#9 C:\xampp\htdocs\ostin\framework\yiic.php(33): CApplication->run()
#10 C:\xampp\htdocs\ostin\www\protected\yiic.php(7): require_once('C:\xampp\htdocs...')
#11 C:\xampp\htdocs\ostin\www\protected\yiic(4): require_once('C:\xampp\htdocs...')
#12 {main}
---
2014/05/12 11:49:51 [error] [exception.CException] exception 'CException' with message 'Property "CConsoleApplication.authManager" is not defined.' in C:\xampp\htdocs\ostin\framework\base\CComponent.php:130
Stack trace:
#0 C:\xampp\htdocs\ostin\framework\base\CModule.php(105): CComponent->__get('authManager')
#1 C:\xampp\htdocs\ostin\www\protected\migrations\m140512_094748_create_role_operations.php(12): CModule->__get('authManager')
#2 C:\xampp\htdocs\ostin\framework\cli\commands\MigrateCommand.php(385): m140512_094748_create_role_operations->up()
#3 C:\xampp\htdocs\ostin\framework\cli\commands\MigrateCommand.php(109): MigrateCommand->migrateUp('m140512_094748_...')
#4 [internal function]: MigrateCommand->actionUp(Array)
#5 C:\xampp\htdocs\ostin\framework\console\CConsoleCommand.php(172): ReflectionMethod->invokeArgs(Object(MigrateCommand), Array)
#6 C:\xampp\htdocs\ostin\framework\console\CConsoleCommandRunner.php(67): CConsoleCommand->run(Array)
#7 C:\xampp\htdocs\ostin\framework\console\CConsoleApplication.php(91): CConsoleCommandRunner->run(Array)
#8 C:\xampp\htdocs\ostin\framework\base\CApplication.php(169): CConsoleApplication->processRequest()
#9 C:\xampp\htdocs\ostin\framework\yiic.php(33): CApplication->run()
#10 C:\xampp\htdocs\ostin\www\protected\yiic.php(7): require_once('C:\xampp\htdocs...')
#11 C:\xampp\htdocs\ostin\www\protected\yiic(4): require_once('C:\xampp\htdocs...')
#12 {main}
---
2014/05/12 11:50:31 [error] [php] include(AuthManager.php): failed to open stream: No such file or directory (C:\xampp\htdocs\ostin\framework\YiiBase.php:421)
Stack trace:
#0 C:\xampp\htdocs\ostin\framework\YiiBase.php(196): import()
#1 C:\xampp\htdocs\ostin\framework\base\CModule.php(386): createComponent()
#2 C:\xampp\htdocs\ostin\framework\base\CModule.php(103): CConsoleApplication->getComponent()
#3 C:\xampp\htdocs\ostin\www\protected\migrations\m140512_094748_create_role_operations.php(12): CConsoleApplication->__get()
#4 C:\xampp\htdocs\ostin\framework\cli\commands\MigrateCommand.php(385): m140512_094748_create_role_operations->up()
#5 C:\xampp\htdocs\ostin\framework\cli\commands\MigrateCommand.php(109): MigrateCommand->migrateUp()
#6 unknown(0): MigrateCommand->actionUp()
#7 C:\xampp\htdocs\ostin\framework\console\CConsoleCommand.php(172): ReflectionMethod->invokeArgs()
#8 C:\xampp\htdocs\ostin\framework\console\CConsoleCommandRunner.php(67): MigrateCommand->run()
#9 C:\xampp\htdocs\ostin\framework\console\CConsoleApplication.php(91): CConsoleCommandRunner->run()
#10 C:\xampp\htdocs\ostin\framework\base\CApplication.php(169): CConsoleApplication->processRequest()
#11 C:\xampp\htdocs\ostin\framework\yiic.php(33): CConsoleApplication->run()
#12 C:\xampp\htdocs\ostin\www\protected\yiic.php(7): require_once()
#13 C:\xampp\htdocs\ostin\www\protected\yiic(4): require_once()

2014/05/12 11:54:41 [error] [exception.CHttpException.403] exception 'CHttpException' with message 'You are not authorized to perform this action.' in C:\xampp\htdocs\ostin\framework\web\auth\CAccessControlFilter.php:179
Stack trace:
#0 C:\xampp\htdocs\ostin\framework\web\auth\CAccessControlFilter.php(142): CAccessControlFilter->accessDenied(Object(CWebUser), 'You are not aut...')
#1 C:\xampp\htdocs\ostin\framework\web\filters\CFilter.php(38): CAccessControlFilter->preFilter(Object(CFilterChain))
#2 C:\xampp\htdocs\ostin\framework\web\CController.php(1145): CFilter->filter(Object(CFilterChain))
#3 C:\xampp\htdocs\ostin\framework\web\filters\CInlineFilter.php(58): CController->filterAccessControl(Object(CFilterChain))
#4 C:\xampp\htdocs\ostin\framework\web\filters\CFilterChain.php(130): CInlineFilter->filter(Object(CFilterChain))
#5 C:\xampp\htdocs\ostin\framework\web\CController.php(291): CFilterChain->run()
#6 C:\xampp\htdocs\ostin\framework\web\CController.php(265): CController->runActionWithFilters(Object(CInlineAction), Array)
#7 C:\xampp\htdocs\ostin\framework\web\CWebApplication.php(282): CController->run('')
#8 C:\xampp\htdocs\ostin\framework\web\CWebApplication.php(141): CWebApplication->runController('admin')
#9 C:\xampp\htdocs\ostin\framework\base\CApplication.php(169): CWebApplication->processRequest()
#10 C:\xampp\htdocs\ostin\www\index.php(13): CApplication->run()
#11 {main}
REQUEST_URI=/admin
HTTP_REFERER=http://ostin.web/site/login
---
2014/05/12 11:54:44 [error] [exception.CHttpException.403] exception 'CHttpException' with message 'You are not authorized to perform this action.' in C:\xampp\htdocs\ostin\framework\web\auth\CAccessControlFilter.php:179
Stack trace:
#0 C:\xampp\htdocs\ostin\framework\web\auth\CAccessControlFilter.php(142): CAccessControlFilter->accessDenied(Object(CWebUser), 'You are not aut...')
#1 C:\xampp\htdocs\ostin\framework\web\filters\CFilter.php(38): CAccessControlFilter->preFilter(Object(CFilterChain))
#2 C:\xampp\htdocs\ostin\framework\web\CController.php(1145): CFilter->filter(Object(CFilterChain))
#3 C:\xampp\htdocs\ostin\framework\web\filters\CInlineFilter.php(58): CController->filterAccessControl(Object(CFilterChain))
#4 C:\xampp\htdocs\ostin\framework\web\filters\CFilterChain.php(130): CInlineFilter->filter(Object(CFilterChain))
#5 C:\xampp\htdocs\ostin\framework\web\CController.php(291): CFilterChain->run()
#6 C:\xampp\htdocs\ostin\framework\web\CController.php(265): CController->runActionWithFilters(Object(CInlineAction), Array)
#7 C:\xampp\htdocs\ostin\framework\web\CWebApplication.php(282): CController->run('')
#8 C:\xampp\htdocs\ostin\framework\web\CWebApplication.php(141): CWebApplication->runController('admin')
#9 C:\xampp\htdocs\ostin\framework\base\CApplication.php(169): CWebApplication->processRequest()
#10 C:\xampp\htdocs\ostin\www\index.php(13): CApplication->run()
#11 {main}
REQUEST_URI=/admin
HTTP_REFERER=http://ostin.web/site/login
---
2014/05/12 11:54:48 [error] [exception.CHttpException.403] exception 'CHttpException' with message 'You are not authorized to perform this action.' in C:\xampp\htdocs\ostin\framework\web\auth\CAccessControlFilter.php:179
Stack trace:
#0 C:\xampp\htdocs\ostin\framework\web\auth\CAccessControlFilter.php(142): CAccessControlFilter->accessDenied(Object(CWebUser), 'You are not aut...')
#1 C:\xampp\htdocs\ostin\framework\web\filters\CFilter.php(38): CAccessControlFilter->preFilter(Object(CFilterChain))
#2 C:\xampp\htdocs\ostin\framework\web\CController.php(1145): CFilter->filter(Object(CFilterChain))
#3 C:\xampp\htdocs\ostin\framework\web\filters\CInlineFilter.php(58): CController->filterAccessControl(Object(CFilterChain))
#4 C:\xampp\htdocs\ostin\framework\web\filters\CFilterChain.php(130): CInlineFilter->filter(Object(CFilterChain))
#5 C:\xampp\htdocs\ostin\framework\web\CController.php(291): CFilterChain->run()
#6 C:\xampp\htdocs\ostin\framework\web\CController.php(265): CController->runActionWithFilters(Object(CInlineAction), Array)
#7 C:\xampp\htdocs\ostin\framework\web\CWebApplication.php(282): CController->run('')
#8 C:\xampp\htdocs\ostin\framework\web\CWebApplication.php(141): CWebApplication->runController('admin')
#9 C:\xampp\htdocs\ostin\framework\base\CApplication.php(169): CWebApplication->processRequest()
#10 C:\xampp\htdocs\ostin\www\index.php(13): CApplication->run()
#11 {main}
REQUEST_URI=/admin
---
2014/05/12 11:54:51 [error] [exception.CHttpException.403] exception 'CHttpException' with message 'You are not authorized to perform this action.' in C:\xampp\htdocs\ostin\framework\web\auth\CAccessControlFilter.php:179
Stack trace:
#0 C:\xampp\htdocs\ostin\framework\web\auth\CAccessControlFilter.php(142): CAccessControlFilter->accessDenied(Object(CWebUser), 'You are not aut...')
#1 C:\xampp\htdocs\ostin\framework\web\filters\CFilter.php(38): CAccessControlFilter->preFilter(Object(CFilterChain))
#2 C:\xampp\htdocs\ostin\framework\web\CController.php(1145): CFilter->filter(Object(CFilterChain))
#3 C:\xampp\htdocs\ostin\framework\web\filters\CInlineFilter.php(58): CController->filterAccessControl(Object(CFilterChain))
#4 C:\xampp\htdocs\ostin\framework\web\filters\CFilterChain.php(130): CInlineFilter->filter(Object(CFilterChain))
#5 C:\xampp\htdocs\ostin\framework\web\CController.php(291): CFilterChain->run()
#6 C:\xampp\htdocs\ostin\framework\web\CController.php(265): CController->runActionWithFilters(Object(CInlineAction), Array)
#7 C:\xampp\htdocs\ostin\framework\web\CWebApplication.php(282): CController->run('')
#8 C:\xampp\htdocs\ostin\framework\web\CWebApplication.php(141): CWebApplication->runController('admin')
#9 C:\xampp\htdocs\ostin\framework\base\CApplication.php(169): CWebApplication->processRequest()
#10 C:\xampp\htdocs\ostin\www\index.php(13): CApplication->run()
#11 {main}
REQUEST_URI=/admin
---
2014/05/12 11:54:53 [error] [exception.CHttpException.403] exception 'CHttpException' with message 'You are not authorized to perform this action.' in C:\xampp\htdocs\ostin\framework\web\auth\CAccessControlFilter.php:179
Stack trace:
#0 C:\xampp\htdocs\ostin\framework\web\auth\CAccessControlFilter.php(142): CAccessControlFilter->accessDenied(Object(CWebUser), 'You are not aut...')
#1 C:\xampp\htdocs\ostin\framework\web\filters\CFilter.php(38): CAccessControlFilter->preFilter(Object(CFilterChain))
#2 C:\xampp\htdocs\ostin\framework\web\CController.php(1145): CFilter->filter(Object(CFilterChain))
#3 C:\xampp\htdocs\ostin\framework\web\filters\CInlineFilter.php(58): CController->filterAccessControl(Object(CFilterChain))
#4 C:\xampp\htdocs\ostin\framework\web\filters\CFilterChain.php(130): CInlineFilter->filter(Object(CFilterChain))
#5 C:\xampp\htdocs\ostin\framework\web\CController.php(291): CFilterChain->run()
#6 C:\xampp\htdocs\ostin\framework\web\CController.php(265): CController->runActionWithFilters(Object(CInlineAction), Array)
#7 C:\xampp\htdocs\ostin\framework\web\CWebApplication.php(282): CController->run('')
#8 C:\xampp\htdocs\ostin\framework\web\CWebApplication.php(141): CWebApplication->runController('admin')
#9 C:\xampp\htdocs\ostin\framework\base\CApplication.php(169): CWebApplication->processRequest()
#10 C:\xampp\htdocs\ostin\www\index.php(13): CApplication->run()
#11 {main}
REQUEST_URI=/admin
---
2014/05/12 12:08:33 [error] [exception.CHttpException.403] exception 'CHttpException' with message 'You are not authorized to perform this action.' in C:\xampp\htdocs\ostin\framework\web\auth\CAccessControlFilter.php:179
Stack trace:
#0 C:\xampp\htdocs\ostin\framework\web\auth\CAccessControlFilter.php(142): CAccessControlFilter->accessDenied(Object(CWebUser), 'You are not aut...')
#1 C:\xampp\htdocs\ostin\framework\web\filters\CFilter.php(38): CAccessControlFilter->preFilter(Object(CFilterChain))
#2 C:\xampp\htdocs\ostin\framework\web\CController.php(1145): CFilter->filter(Object(CFilterChain))
#3 C:\xampp\htdocs\ostin\framework\web\filters\CInlineFilter.php(58): CController->filterAccessControl(Object(CFilterChain))
#4 C:\xampp\htdocs\ostin\framework\web\filters\CFilterChain.php(130): CInlineFilter->filter(Object(CFilterChain))
#5 C:\xampp\htdocs\ostin\framework\web\CController.php(291): CFilterChain->run()
#6 C:\xampp\htdocs\ostin\framework\web\CController.php(265): CController->runActionWithFilters(Object(CInlineAction), Array)
#7 C:\xampp\htdocs\ostin\framework\web\CWebApplication.php(282): CController->run('')
#8 C:\xampp\htdocs\ostin\framework\web\CWebApplication.php(141): CWebApplication->runController('admin')
#9 C:\xampp\htdocs\ostin\framework\base\CApplication.php(169): CWebApplication->processRequest()
#10 C:\xampp\htdocs\ostin\www\index.php(13): CApplication->run()
#11 {main}
REQUEST_URI=/admin
---
2014/05/12 12:08:34 [error] [exception.CHttpException.403] exception 'CHttpException' with message 'You are not authorized to perform this action.' in C:\xampp\htdocs\ostin\framework\web\auth\CAccessControlFilter.php:179
Stack trace:
#0 C:\xampp\htdocs\ostin\framework\web\auth\CAccessControlFilter.php(142): CAccessControlFilter->accessDenied(Object(CWebUser), 'You are not aut...')
#1 C:\xampp\htdocs\ostin\framework\web\filters\CFilter.php(38): CAccessControlFilter->preFilter(Object(CFilterChain))
#2 C:\xampp\htdocs\ostin\framework\web\CController.php(1145): CFilter->filter(Object(CFilterChain))
#3 C:\xampp\htdocs\ostin\framework\web\filters\CInlineFilter.php(58): CController->filterAccessControl(Object(CFilterChain))
#4 C:\xampp\htdocs\ostin\framework\web\filters\CFilterChain.php(130): CInlineFilter->filter(Object(CFilterChain))
#5 C:\xampp\htdocs\ostin\framework\web\CController.php(291): CFilterChain->run()
#6 C:\xampp\htdocs\ostin\framework\web\CController.php(265): CController->runActionWithFilters(Object(CInlineAction), Array)
#7 C:\xampp\htdocs\ostin\framework\web\CWebApplication.php(282): CController->run('')
#8 C:\xampp\htdocs\ostin\framework\web\CWebApplication.php(141): CWebApplication->runController('admin')
#9 C:\xampp\htdocs\ostin\framework\base\CApplication.php(169): CWebApplication->processRequest()
#10 C:\xampp\htdocs\ostin\www\index.php(13): CApplication->run()
#11 {main}
REQUEST_URI=/admin
---
2014/05/12 12:08:39 [error] [exception.CException] exception 'CException' with message 'Property "User.rememberMe" is not defined.' in C:\xampp\htdocs\ostin\framework\base\CComponent.php:130
Stack trace:
#0 C:\xampp\htdocs\ostin\framework\db\ar\CActiveRecord.php(143): CComponent->__get('rememberMe')
#1 C:\xampp\htdocs\ostin\framework\web\helpers\CHtml.php(2255): CActiveRecord->__get('rememberMe')
#2 C:\xampp\htdocs\ostin\framework\web\helpers\CHtml.php(1506): CHtml::resolveValue(Object(User), 'rememberMe')
#3 C:\xampp\htdocs\ostin\framework\web\widgets\CActiveForm.php(747): CHtml::activeCheckBox(Object(User), 'rememberMe', Array)
#4 C:\xampp\htdocs\ostin\www\protected\views\site\login.php(43): CActiveForm->checkBox(Object(User), 'rememberMe')
#5 C:\xampp\htdocs\ostin\framework\web\CBaseController.php(126): require('C:\xampp\htdocs...')
#6 C:\xampp\htdocs\ostin\framework\web\CBaseController.php(95): CBaseController->renderInternal('C:\xampp\htdocs...', Array, true)
#7 C:\xampp\htdocs\ostin\framework\web\CController.php(869): CBaseController->renderFile('C:\xampp\htdocs...', Array, true)
#8 C:\xampp\htdocs\ostin\framework\web\CController.php(782): CController->renderPartial('login', Array, true)
#9 C:\xampp\htdocs\ostin\www\protected\controllers\SiteController.php(89): CController->render('login', Array)
#10 C:\xampp\htdocs\ostin\framework\web\actions\CInlineAction.php(49): SiteController->actionLogin()
#11 C:\xampp\htdocs\ostin\framework\web\CController.php(308): CInlineAction->runWithParams(Array)
#12 C:\xampp\htdocs\ostin\framework\web\CController.php(286): CController->runAction(Object(CInlineAction))
#13 C:\xampp\htdocs\ostin\framework\web\CController.php(265): CController->runActionWithFilters(Object(CInlineAction), Array)
#14 C:\xampp\htdocs\ostin\framework\web\CWebApplication.php(282): CController->run('login')
#15 C:\xampp\htdocs\ostin\framework\web\CWebApplication.php(141): CWebApplication->runController('site/login')
#16 C:\xampp\htdocs\ostin\framework\base\CApplication.php(169): CWebApplication->processRequest()
#17 C:\xampp\htdocs\ostin\www\index.php(13): CApplication->run()
#18 {main}
REQUEST_URI=/site/login
---
2014/05/12 12:09:08 [error] [exception.CHttpException.403] exception 'CHttpException' with message 'You are not authorized to perform this action.' in C:\xampp\htdocs\ostin\framework\web\auth\CAccessControlFilter.php:179
Stack trace:
#0 C:\xampp\htdocs\ostin\framework\web\auth\CAccessControlFilter.php(142): CAccessControlFilter->accessDenied(Object(CWebUser), 'You are not aut...')
#1 C:\xampp\htdocs\ostin\framework\web\filters\CFilter.php(38): CAccessControlFilter->preFilter(Object(CFilterChain))
#2 C:\xampp\htdocs\ostin\framework\web\CController.php(1145): CFilter->filter(Object(CFilterChain))
#3 C:\xampp\htdocs\ostin\framework\web\filters\CInlineFilter.php(58): CController->filterAccessControl(Object(CFilterChain))
#4 C:\xampp\htdocs\ostin\framework\web\filters\CFilterChain.php(130): CInlineFilter->filter(Object(CFilterChain))
#5 C:\xampp\htdocs\ostin\framework\web\CController.php(291): CFilterChain->run()
#6 C:\xampp\htdocs\ostin\framework\web\CController.php(265): CController->runActionWithFilters(Object(CInlineAction), Array)
#7 C:\xampp\htdocs\ostin\framework\web\CWebApplication.php(282): CController->run('')
#8 C:\xampp\htdocs\ostin\framework\web\CWebApplication.php(141): CWebApplication->runController('admin')
#9 C:\xampp\htdocs\ostin\framework\base\CApplication.php(169): CWebApplication->processRequest()
#10 C:\xampp\htdocs\ostin\www\index.php(13): CApplication->run()
#11 {main}
REQUEST_URI=/admin
---
2014/05/12 12:09:11 [error] [exception.CHttpException.403] exception 'CHttpException' with message 'You are not authorized to perform this action.' in C:\xampp\htdocs\ostin\framework\web\auth\CAccessControlFilter.php:179
Stack trace:
#0 C:\xampp\htdocs\ostin\framework\web\auth\CAccessControlFilter.php(142): CAccessControlFilter->accessDenied(Object(CWebUser), 'You are not aut...')
#1 C:\xampp\htdocs\ostin\framework\web\filters\CFilter.php(38): CAccessControlFilter->preFilter(Object(CFilterChain))
#2 C:\xampp\htdocs\ostin\framework\web\CController.php(1145): CFilter->filter(Object(CFilterChain))
#3 C:\xampp\htdocs\ostin\framework\web\filters\CInlineFilter.php(58): CController->filterAccessControl(Object(CFilterChain))
#4 C:\xampp\htdocs\ostin\framework\web\filters\CFilterChain.php(130): CInlineFilter->filter(Object(CFilterChain))
#5 C:\xampp\htdocs\ostin\framework\web\CController.php(291): CFilterChain->run()
#6 C:\xampp\htdocs\ostin\framework\web\CController.php(265): CController->runActionWithFilters(Object(CInlineAction), Array)
#7 C:\xampp\htdocs\ostin\framework\web\CWebApplication.php(282): CController->run('')
#8 C:\xampp\htdocs\ostin\framework\web\CWebApplication.php(141): CWebApplication->runController('admin')
#9 C:\xampp\htdocs\ostin\framework\base\CApplication.php(169): CWebApplication->processRequest()
#10 C:\xampp\htdocs\ostin\www\index.php(13): CApplication->run()
#11 {main}
REQUEST_URI=/admin
---
2014/05/12 12:09:30 [error] [exception.CHttpException.403] exception 'CHttpException' with message 'You are not authorized to perform this action.' in C:\xampp\htdocs\ostin\framework\web\auth\CAccessControlFilter.php:179
Stack trace:
#0 C:\xampp\htdocs\ostin\framework\web\auth\CAccessControlFilter.php(142): CAccessControlFilter->accessDenied(Object(CWebUser), 'You are not aut...')
#1 C:\xampp\htdocs\ostin\framework\web\filters\CFilter.php(38): CAccessControlFilter->preFilter(Object(CFilterChain))
#2 C:\xampp\htdocs\ostin\framework\web\CController.php(1145): CFilter->filter(Object(CFilterChain))
#3 C:\xampp\htdocs\ostin\framework\web\filters\CInlineFilter.php(58): CController->filterAccessControl(Object(CFilterChain))
#4 C:\xampp\htdocs\ostin\framework\web\filters\CFilterChain.php(130): CInlineFilter->filter(Object(CFilterChain))
#5 C:\xampp\htdocs\ostin\framework\web\CController.php(291): CFilterChain->run()
#6 C:\xampp\htdocs\ostin\framework\web\CController.php(265): CController->runActionWithFilters(Object(CInlineAction), Array)
#7 C:\xampp\htdocs\ostin\framework\web\CWebApplication.php(282): CController->run('')
#8 C:\xampp\htdocs\ostin\framework\web\CWebApplication.php(141): CWebApplication->runController('admin')
#9 C:\xampp\htdocs\ostin\framework\base\CApplication.php(169): CWebApplication->processRequest()
#10 C:\xampp\htdocs\ostin\www\index.php(13): CApplication->run()
#11 {main}
REQUEST_URI=/admin
---
2014/05/12 12:09:30 [error] [exception.CHttpException.403] exception 'CHttpException' with message 'You are not authorized to perform this action.' in C:\xampp\htdocs\ostin\framework\web\auth\CAccessControlFilter.php:179
Stack trace:
#0 C:\xampp\htdocs\ostin\framework\web\auth\CAccessControlFilter.php(142): CAccessControlFilter->accessDenied(Object(CWebUser), 'You are not aut...')
#1 C:\xampp\htdocs\ostin\framework\web\filters\CFilter.php(38): CAccessControlFilter->preFilter(Object(CFilterChain))
#2 C:\xampp\htdocs\ostin\framework\web\CController.php(1145): CFilter->filter(Object(CFilterChain))
#3 C:\xampp\htdocs\ostin\framework\web\filters\CInlineFilter.php(58): CController->filterAccessControl(Object(CFilterChain))
#4 C:\xampp\htdocs\ostin\framework\web\filters\CFilterChain.php(130): CInlineFilter->filter(Object(CFilterChain))
#5 C:\xampp\htdocs\ostin\framework\web\CController.php(291): CFilterChain->run()
#6 C:\xampp\htdocs\ostin\framework\web\CController.php(265): CController->runActionWithFilters(Object(CInlineAction), Array)
#7 C:\xampp\htdocs\ostin\framework\web\CWebApplication.php(282): CController->run('')
#8 C:\xampp\htdocs\ostin\framework\web\CWebApplication.php(141): CWebApplication->runController('admin')
#9 C:\xampp\htdocs\ostin\framework\base\CApplication.php(169): CWebApplication->processRequest()
#10 C:\xampp\htdocs\ostin\www\index.php(13): CApplication->run()
#11 {main}
REQUEST_URI=/admin
---
2014/05/12 12:10:13 [error] [exception.CHttpException.403] exception 'CHttpException' with message 'You are not authorized to perform this action.' in C:\xampp\htdocs\ostin\framework\web\auth\CAccessControlFilter.php:179
Stack trace:
#0 C:\xampp\htdocs\ostin\framework\web\auth\CAccessControlFilter.php(142): CAccessControlFilter->accessDenied(Object(CWebUser), 'You are not aut...')
#1 C:\xampp\htdocs\ostin\framework\web\filters\CFilter.php(38): CAccessControlFilter->preFilter(Object(CFilterChain))
#2 C:\xampp\htdocs\ostin\framework\web\CController.php(1145): CFilter->filter(Object(CFilterChain))
#3 C:\xampp\htdocs\ostin\framework\web\filters\CInlineFilter.php(58): CController->filterAccessControl(Object(CFilterChain))
#4 C:\xampp\htdocs\ostin\framework\web\filters\CFilterChain.php(130): CInlineFilter->filter(Object(CFilterChain))
#5 C:\xampp\htdocs\ostin\framework\web\CController.php(291): CFilterChain->run()
#6 C:\xampp\htdocs\ostin\framework\web\CController.php(265): CController->runActionWithFilters(Object(CInlineAction), Array)
#7 C:\xampp\htdocs\ostin\framework\web\CWebApplication.php(282): CController->run('')
#8 C:\xampp\htdocs\ostin\framework\web\CWebApplication.php(141): CWebApplication->runController('admin')
#9 C:\xampp\htdocs\ostin\framework\base\CApplication.php(169): CWebApplication->processRequest()
#10 C:\xampp\htdocs\ostin\www\index.php(13): CApplication->run()
#11 {main}
REQUEST_URI=/admin
---
2014/05/12 12:10:19 [error] [exception.CHttpException.403] exception 'CHttpException' with message 'You are not authorized to perform this action.' in C:\xampp\htdocs\ostin\framework\web\auth\CAccessControlFilter.php:179
Stack trace:
#0 C:\xampp\htdocs\ostin\framework\web\auth\CAccessControlFilter.php(142): CAccessControlFilter->accessDenied(Object(CWebUser), 'You are not aut...')
#1 C:\xampp\htdocs\ostin\framework\web\filters\CFilter.php(38): CAccessControlFilter->preFilter(Object(CFilterChain))
#2 C:\xampp\htdocs\ostin\framework\web\CController.php(1145): CFilter->filter(Object(CFilterChain))
#3 C:\xampp\htdocs\ostin\framework\web\filters\CInlineFilter.php(58): CController->filterAccessControl(Object(CFilterChain))
#4 C:\xampp\htdocs\ostin\framework\web\filters\CFilterChain.php(130): CInlineFilter->filter(Object(CFilterChain))
#5 C:\xampp\htdocs\ostin\framework\web\CController.php(291): CFilterChain->run()
#6 C:\xampp\htdocs\ostin\framework\web\CController.php(265): CController->runActionWithFilters(Object(CInlineAction), Array)
#7 C:\xampp\htdocs\ostin\framework\web\CWebApplication.php(282): CController->run('')
#8 C:\xampp\htdocs\ostin\framework\web\CWebApplication.php(141): CWebApplication->runController('admin')
#9 C:\xampp\htdocs\ostin\framework\base\CApplication.php(169): CWebApplication->processRequest()
#10 C:\xampp\htdocs\ostin\www\index.php(13): CApplication->run()
#11 {main}
REQUEST_URI=/admin
---
2014/05/12 12:10:19 [error] [exception.CHttpException.403] exception 'CHttpException' with message 'You are not authorized to perform this action.' in C:\xampp\htdocs\ostin\framework\web\auth\CAccessControlFilter.php:179
Stack trace:
#0 C:\xampp\htdocs\ostin\framework\web\auth\CAccessControlFilter.php(142): CAccessControlFilter->accessDenied(Object(CWebUser), 'You are not aut...')
#1 C:\xampp\htdocs\ostin\framework\web\filters\CFilter.php(38): CAccessControlFilter->preFilter(Object(CFilterChain))
#2 C:\xampp\htdocs\ostin\framework\web\CController.php(1145): CFilter->filter(Object(CFilterChain))
#3 C:\xampp\htdocs\ostin\framework\web\filters\CInlineFilter.php(58): CController->filterAccessControl(Object(CFilterChain))
#4 C:\xampp\htdocs\ostin\framework\web\filters\CFilterChain.php(130): CInlineFilter->filter(Object(CFilterChain))
#5 C:\xampp\htdocs\ostin\framework\web\CController.php(291): CFilterChain->run()
#6 C:\xampp\htdocs\ostin\framework\web\CController.php(265): CController->runActionWithFilters(Object(CInlineAction), Array)
#7 C:\xampp\htdocs\ostin\framework\web\CWebApplication.php(282): CController->run('')
#8 C:\xampp\htdocs\ostin\framework\web\CWebApplication.php(141): CWebApplication->runController('admin')
#9 C:\xampp\htdocs\ostin\framework\base\CApplication.php(169): CWebApplication->processRequest()
#10 C:\xampp\htdocs\ostin\www\index.php(13): CApplication->run()
#11 {main}
REQUEST_URI=/admin
---
2014/05/12 12:10:43 [error] [exception.CHttpException.403] exception 'CHttpException' with message 'You are not authorized to perform this action.' in C:\xampp\htdocs\ostin\framework\web\auth\CAccessControlFilter.php:179
Stack trace:
#0 C:\xampp\htdocs\ostin\framework\web\auth\CAccessControlFilter.php(142): CAccessControlFilter->accessDenied(Object(CWebUser), 'You are not aut...')
#1 C:\xampp\htdocs\ostin\framework\web\filters\CFilter.php(38): CAccessControlFilter->preFilter(Object(CFilterChain))
#2 C:\xampp\htdocs\ostin\framework\web\CController.php(1145): CFilter->filter(Object(CFilterChain))
#3 C:\xampp\htdocs\ostin\framework\web\filters\CInlineFilter.php(58): CController->filterAccessControl(Object(CFilterChain))
#4 C:\xampp\htdocs\ostin\framework\web\filters\CFilterChain.php(130): CInlineFilter->filter(Object(CFilterChain))
#5 C:\xampp\htdocs\ostin\framework\web\CController.php(291): CFilterChain->run()
#6 C:\xampp\htdocs\ostin\framework\web\CController.php(265): CController->runActionWithFilters(Object(CInlineAction), Array)
#7 C:\xampp\htdocs\ostin\framework\web\CWebApplication.php(282): CController->run('')
#8 C:\xampp\htdocs\ostin\framework\web\CWebApplication.php(141): CWebApplication->runController('admin')
#9 C:\xampp\htdocs\ostin\framework\base\CApplication.php(169): CWebApplication->processRequest()
#10 C:\xampp\htdocs\ostin\www\index.php(13): CApplication->run()
#11 {main}
REQUEST_URI=/admin
---
2014/05/12 12:10:45 [error] [exception.CHttpException.403] exception 'CHttpException' with message 'You are not authorized to perform this action.' in C:\xampp\htdocs\ostin\framework\web\auth\CAccessControlFilter.php:179
Stack trace:
#0 C:\xampp\htdocs\ostin\framework\web\auth\CAccessControlFilter.php(142): CAccessControlFilter->accessDenied(Object(CWebUser), 'You are not aut...')
#1 C:\xampp\htdocs\ostin\framework\web\filters\CFilter.php(38): CAccessControlFilter->preFilter(Object(CFilterChain))
#2 C:\xampp\htdocs\ostin\framework\web\CController.php(1145): CFilter->filter(Object(CFilterChain))
#3 C:\xampp\htdocs\ostin\framework\web\filters\CInlineFilter.php(58): CController->filterAccessControl(Object(CFilterChain))
#4 C:\xampp\htdocs\ostin\framework\web\filters\CFilterChain.php(130): CInlineFilter->filter(Object(CFilterChain))
#5 C:\xampp\htdocs\ostin\framework\web\CController.php(291): CFilterChain->run()
#6 C:\xampp\htdocs\ostin\framework\web\CController.php(265): CController->runActionWithFilters(Object(CInlineAction), Array)
#7 C:\xampp\htdocs\ostin\framework\web\CWebApplication.php(282): CController->run('')
#8 C:\xampp\htdocs\ostin\framework\web\CWebApplication.php(141): CWebApplication->runController('admin')
#9 C:\xampp\htdocs\ostin\framework\base\CApplication.php(169): CWebApplication->processRequest()
#10 C:\xampp\htdocs\ostin\www\index.php(13): CApplication->run()
#11 {main}
REQUEST_URI=/admin
---
2014/05/12 12:10:50 [error] [exception.CHttpException.403] exception 'CHttpException' with message 'You are not authorized to perform this action.' in C:\xampp\htdocs\ostin\framework\web\auth\CAccessControlFilter.php:179
Stack trace:
#0 C:\xampp\htdocs\ostin\framework\web\auth\CAccessControlFilter.php(142): CAccessControlFilter->accessDenied(Object(CWebUser), 'You are not aut...')
#1 C:\xampp\htdocs\ostin\framework\web\filters\CFilter.php(38): CAccessControlFilter->preFilter(Object(CFilterChain))
#2 C:\xampp\htdocs\ostin\framework\web\CController.php(1145): CFilter->filter(Object(CFilterChain))
#3 C:\xampp\htdocs\ostin\framework\web\filters\CInlineFilter.php(58): CController->filterAccessControl(Object(CFilterChain))
#4 C:\xampp\htdocs\ostin\framework\web\filters\CFilterChain.php(130): CInlineFilter->filter(Object(CFilterChain))
#5 C:\xampp\htdocs\ostin\framework\web\CController.php(291): CFilterChain->run()
#6 C:\xampp\htdocs\ostin\framework\web\CController.php(265): CController->runActionWithFilters(Object(CInlineAction), Array)
#7 C:\xampp\htdocs\ostin\framework\web\CWebApplication.php(282): CController->run('')
#8 C:\xampp\htdocs\ostin\framework\web\CWebApplication.php(141): CWebApplication->runController('admin')
#9 C:\xampp\htdocs\ostin\framework\base\CApplication.php(169): CWebApplication->processRequest()
#10 C:\xampp\htdocs\ostin\www\index.php(13): CApplication->run()
#11 {main}
REQUEST_URI=/admin
HTTP_REFERER=http://ostin.web/site/login
---
2014/05/12 12:14:28 [error] [exception.CException] exception 'CException' with message 'Alias "application.components.widgets.LanguageSelector" is invalid. Make sure it points to an existing PHP file and the file is readable.' in C:\xampp\htdocs\ostin\framework\YiiBase.php:316
Stack trace:
#0 C:\xampp\htdocs\ostin\framework\web\CWidgetFactory.php(146): YiiBase::import('application.com...', true)
#1 C:\xampp\htdocs\ostin\framework\web\CBaseController.php(146): CWidgetFactory->createWidget(Object(DefaultController), 'application.com...', Array)
#2 C:\xampp\htdocs\ostin\framework\web\CBaseController.php(172): CBaseController->createWidget('application.com...', Array)
#3 C:\xampp\htdocs\ostin\www\protected\modules\admin\views\layouts\dashboard.php(65): CBaseController->widget('application.com...')
#4 C:\xampp\htdocs\ostin\framework\web\CBaseController.php(126): require('C:\xampp\htdocs...')
#5 C:\xampp\htdocs\ostin\framework\web\CBaseController.php(95): CBaseController->renderInternal('C:\xampp\htdocs...', Array, true)
#6 C:\xampp\htdocs\ostin\framework\web\widgets\CContentDecorator.php(76): CBaseController->renderFile('C:\xampp\htdocs...', Array, true)
#7 C:\xampp\htdocs\ostin\framework\web\widgets\CContentDecorator.php(54): CContentDecorator->decorate('<div class="con...')
#8 C:\xampp\htdocs\ostin\framework\web\widgets\COutputProcessor.php(44): CContentDecorator->processOutput('<div class="con...')
#9 C:\xampp\htdocs\ostin\framework\web\CBaseController.php(206): COutputProcessor->run()
#10 C:\xampp\htdocs\ostin\framework\web\CBaseController.php(300): CBaseController->endWidget('CContentDecorat...')
#11 C:\xampp\htdocs\ostin\www\protected\modules\admin\views\layouts\content.php(15): CBaseController->endContent()
#12 C:\xampp\htdocs\ostin\framework\web\CBaseController.php(126): require('C:\xampp\htdocs...')
#13 C:\xampp\htdocs\ostin\framework\web\CBaseController.php(95): CBaseController->renderInternal('C:\xampp\htdocs...', Array, true)
#14 C:\xampp\htdocs\ostin\framework\web\CController.php(784): CBaseController->renderFile('C:\xampp\htdocs...', Array, true)
#15 C:\xampp\htdocs\ostin\www\protected\modules\admin\controllers\DefaultController.php(75): CController->render('index')
#16 C:\xampp\htdocs\ostin\framework\web\actions\CInlineAction.php(49): DefaultController->actionIndex()
#17 C:\xampp\htdocs\ostin\framework\web\CController.php(308): CInlineAction->runWithParams(Array)
#18 C:\xampp\htdocs\ostin\framework\web\filters\CFilterChain.php(133): CController->runAction(Object(CInlineAction))
#19 C:\xampp\htdocs\ostin\framework\web\filters\CFilter.php(40): CFilterChain->run()
#20 C:\xampp\htdocs\ostin\framework\web\CController.php(1145): CFilter->filter(Object(CFilterChain))
#21 C:\xampp\htdocs\ostin\framework\web\filters\CInlineFilter.php(58): CController->filterAccessControl(Object(CFilterChain))
#22 C:\xampp\htdocs\ostin\framework\web\filters\CFilterChain.php(130): CInlineFilter->filter(Object(CFilterChain))
#23 C:\xampp\htdocs\ostin\framework\web\CController.php(291): CFilterChain->run()
#24 C:\xampp\htdocs\ostin\framework\web\CController.php(265): CController->runActionWithFilters(Object(CInlineAction), Array)
#25 C:\xampp\htdocs\ostin\framework\web\CWebApplication.php(282): CController->run('')
#26 C:\xampp\htdocs\ostin\framework\web\CWebApplication.php(141): CWebApplication->runController('admin')
#27 C:\xampp\htdocs\ostin\framework\base\CApplication.php(169): CWebApplication->processRequest()
#28 C:\xampp\htdocs\ostin\www\index.php(13): CApplication->run()
#29 {main}
REQUEST_URI=/admin
HTTP_REFERER=http://ostin.web/site/login
---
2014/05/12 12:16:16 [error] [exception.CHttpException.404] exception 'CHttpException' with message 'Unable to resolve the request "css/admin/background.png".' in C:\xampp\htdocs\ostin\framework\web\CWebApplication.php:286
Stack trace:
#0 C:\xampp\htdocs\ostin\framework\web\CWebApplication.php(141): CWebApplication->runController('css/admin/backg...')
#1 C:\xampp\htdocs\ostin\framework\base\CApplication.php(169): CWebApplication->processRequest()
#2 C:\xampp\htdocs\ostin\www\index.php(13): CApplication->run()
#3 {main}
REQUEST_URI=/css/admin/background.png
HTTP_REFERER=http://ostin.web/admin
---
2014/05/12 12:24:54 [error] [exception.CHttpException.404] exception 'CHttpException' with message 'Unable to resolve the request "css/admin/admin.css".' in C:\xampp\htdocs\ostin\framework\web\CWebApplication.php:286
Stack trace:
#0 C:\xampp\htdocs\ostin\framework\web\CWebApplication.php(141): CWebApplication->runController('css/admin/admin...')
#1 C:\xampp\htdocs\ostin\framework\base\CApplication.php(169): CWebApplication->processRequest()
#2 C:\xampp\htdocs\ostin\www\index.php(13): CApplication->run()
#3 {main}
REQUEST_URI=/css/admin/admin.css
HTTP_REFERER=http://ostin.web/admin
---
